[02:22:59] [ServerMain/INFO]: Environment: authHost='https://authserver.mojang.com', accountsHost='https://api.mojang.com', sessionHost='https://sessionserver.mojang.com', servicesHost='https://api.minecraftservices.com', name='PROD'
[02:22:59] [ServerMain/INFO]: Found new data pack file/bukkit, loading it automatically
[02:22:59] [ServerMain/INFO]: Reloading ResourceManager: Default, bukkit
[02:23:00] [Worker-Main-20/INFO]: Loaded 7 recipes
[02:23:02] [Server thread/INFO]: Starting minecraft server version 1.18
[02:23:02] [Server thread/INFO]: Loading properties
[02:23:02] [Server thread/INFO]: This server is running CraftBukkit version 3359-Spigot-dbf4938-4f5d59a (MC: 1.18) (Implementing API version 1.18-R0.1-SNAPSHOT)
[02:23:02] [Server thread/INFO]: Debug logging is disabled
[02:23:02] [Server thread/INFO]: Server Ping Player Sample Count: 12
[02:23:02] [Server thread/INFO]: Using 4 threads for Netty based IO
[02:23:02] [Server thread/INFO]: Default game type: SURVIVAL
[02:23:02] [Server thread/INFO]: Generating keypair
[02:23:03] [Server thread/INFO]: Starting Minecraft server on *:25565
[02:23:03] [Server thread/INFO]: Using default channel type
[02:23:03] [Server thread/INFO]: Preparing level "world"
[02:23:04] [Server thread/INFO]: -------- World Settings For [world] --------
[02:23:04] [Server thread/INFO]: Allow Zombie Pigmen to spawn from portal blocks: true
[02:23:04] [Server thread/INFO]: Item Merge Radius: 2.5
[02:23:04] [Server thread/INFO]: Item Despawn Rate: 6000
[02:23:04] [Server thread/INFO]: View Distance: 10
[02:23:04] [Server thread/INFO]: Simulation Distance: 10
[02:23:04] [Server thread/INFO]: Zombie Aggressive Towards Villager: true
[02:23:04] [Server thread/INFO]: Arrow Despawn Rate: 1200 Trident Respawn Rate:1200
[02:23:04] [Server thread/INFO]: Nerfing mobs spawned from spawners: false
[02:23:04] [Server thread/INFO]: Experience Merge Radius: 3.0
[02:23:04] [Server thread/INFO]: Cactus Growth Modifier: 100%
[02:23:04] [Server thread/INFO]: Cane Growth Modifier: 100%
[02:23:04] [Server thread/INFO]: Melon Growth Modifier: 100%
[02:23:04] [Server thread/INFO]: Mushroom Growth Modifier: 100%
[02:23:04] [Server thread/INFO]: Pumpkin Growth Modifier: 100%
[02:23:04] [Server thread/INFO]: Sapling Growth Modifier: 100%
[02:23:04] [Server thread/INFO]: Beetroot Growth Modifier: 100%
[02:23:04] [Server thread/INFO]: Carrot Growth Modifier: 100%
[02:23:04] [Server thread/INFO]: Potato Growth Modifier: 100%
[02:23:04] [Server thread/INFO]: Wheat Growth Modifier: 100%
[02:23:04] [Server thread/INFO]: NetherWart Growth Modifier: 100%
[02:23:04] [Server thread/INFO]: Vine Growth Modifier: 100%
[02:23:04] [Server thread/INFO]: Cocoa Growth Modifier: 100%
[02:23:04] [Server thread/INFO]: Bamboo Growth Modifier: 100%
[02:23:04] [Server thread/INFO]: SweetBerry Growth Modifier: 100%
[02:23:04] [Server thread/INFO]: Kelp Growth Modifier: 100%
[02:23:04] [Server thread/INFO]: Mob Spawn Range: 6
[02:23:04] [Server thread/INFO]: Entity Activation Range: An 32 / Mo 32 / Ra 48 / Mi 16 / Tiv true
[02:23:04] [Server thread/INFO]: Entity Tracking Range: Pl 48 / An 48 / Mo 48 / Mi 32 / Other 64
[02:23:04] [Server thread/INFO]: Custom Map Seeds:  Village: 10387312 Desert: 14357617 Igloo: 14357618 Jungle: 14357619 Swamp: 14357620 Monument: 10387313 Ocean: 14357621 Shipwreck: 165745295 End City: 10387313 Slime: 987234911 Bastion: 30084232 Fortress: 30084232 Mansion: 10387319 Fossil: 14357921 Portal: 34222645
[02:23:04] [Server thread/INFO]: Hopper Transfer: 8 Hopper Check: 1 Hopper Amount: 1
[02:23:04] [Server thread/INFO]: Tile Max Tick Time: 50ms Entity max Tick Time: 50ms
[02:23:04] [Server thread/INFO]: Max TNT Explosions: 100
[02:23:09] [Server thread/INFO]: -------- World Settings For [world_nether] --------
[02:23:09] [Server thread/INFO]: Allow Zombie Pigmen to spawn from portal blocks: true
[02:23:09] [Server thread/INFO]: Item Merge Radius: 2.5
[02:23:09] [Server thread/INFO]: Item Despawn Rate: 6000
[02:23:09] [Server thread/INFO]: View Distance: 10
[02:23:09] [Server thread/INFO]: Simulation Distance: 10
[02:23:09] [Server thread/INFO]: Zombie Aggressive Towards Villager: true
[02:23:09] [Server thread/INFO]: Arrow Despawn Rate: 1200 Trident Respawn Rate:1200
[02:23:09] [Server thread/INFO]: Nerfing mobs spawned from spawners: false
[02:23:09] [Server thread/INFO]: Experience Merge Radius: 3.0
[02:23:09] [Server thread/INFO]: Cactus Growth Modifier: 100%
[02:23:09] [Server thread/INFO]: Cane Growth Modifier: 100%
[02:23:09] [Server thread/INFO]: Melon Growth Modifier: 100%
[02:23:09] [Server thread/INFO]: Mushroom Growth Modifier: 100%
[02:23:09] [Server thread/INFO]: Pumpkin Growth Modifier: 100%
[02:23:09] [Server thread/INFO]: Sapling Growth Modifier: 100%
[02:23:09] [Server thread/INFO]: Beetroot Growth Modifier: 100%
[02:23:09] [Server thread/INFO]: Carrot Growth Modifier: 100%
[02:23:09] [Server thread/INFO]: Potato Growth Modifier: 100%
[02:23:09] [Server thread/INFO]: Wheat Growth Modifier: 100%
[02:23:09] [Server thread/INFO]: NetherWart Growth Modifier: 100%
[02:23:09] [Server thread/INFO]: Vine Growth Modifier: 100%
[02:23:09] [Server thread/INFO]: Cocoa Growth Modifier: 100%
[02:23:09] [Server thread/INFO]: Bamboo Growth Modifier: 100%
[02:23:09] [Server thread/INFO]: SweetBerry Growth Modifier: 100%
[02:23:09] [Server thread/INFO]: Kelp Growth Modifier: 100%
[02:23:09] [Server thread/INFO]: Mob Spawn Range: 6
[02:23:09] [Server thread/INFO]: Entity Activation Range: An 32 / Mo 32 / Ra 48 / Mi 16 / Tiv true
[02:23:09] [Server thread/INFO]: Entity Tracking Range: Pl 48 / An 48 / Mo 48 / Mi 32 / Other 64
[02:23:09] [Server thread/INFO]: Custom Map Seeds:  Village: 10387312 Desert: 14357617 Igloo: 14357618 Jungle: 14357619 Swamp: 14357620 Monument: 10387313 Ocean: 14357621 Shipwreck: 165745295 End City: 10387313 Slime: 987234911 Bastion: 30084232 Fortress: 30084232 Mansion: 10387319 Fossil: 14357921 Portal: 34222645
[02:23:09] [Server thread/INFO]: Hopper Transfer: 8 Hopper Check: 1 Hopper Amount: 1
[02:23:09] [Server thread/INFO]: Tile Max Tick Time: 50ms Entity max Tick Time: 50ms
[02:23:09] [Server thread/INFO]: Max TNT Explosions: 100
[02:23:11] [Server thread/INFO]: -------- World Settings For [world_the_end] --------
[02:23:11] [Server thread/INFO]: Allow Zombie Pigmen to spawn from portal blocks: true
[02:23:11] [Server thread/INFO]: Item Merge Radius: 2.5
[02:23:11] [Server thread/INFO]: Item Despawn Rate: 6000
[02:23:11] [Server thread/INFO]: View Distance: 10
[02:23:11] [Server thread/INFO]: Simulation Distance: 10
[02:23:11] [Server thread/INFO]: Zombie Aggressive Towards Villager: true
[02:23:11] [Server thread/INFO]: Arrow Despawn Rate: 1200 Trident Respawn Rate:1200
[02:23:11] [Server thread/INFO]: Nerfing mobs spawned from spawners: false
[02:23:11] [Server thread/INFO]: Experience Merge Radius: 3.0
[02:23:11] [Server thread/INFO]: Cactus Growth Modifier: 100%
[02:23:11] [Server thread/INFO]: Cane Growth Modifier: 100%
[02:23:11] [Server thread/INFO]: Melon Growth Modifier: 100%
[02:23:11] [Server thread/INFO]: Mushroom Growth Modifier: 100%
[02:23:11] [Server thread/INFO]: Pumpkin Growth Modifier: 100%
[02:23:11] [Server thread/INFO]: Sapling Growth Modifier: 100%
[02:23:11] [Server thread/INFO]: Beetroot Growth Modifier: 100%
[02:23:11] [Server thread/INFO]: Carrot Growth Modifier: 100%
[02:23:11] [Server thread/INFO]: Potato Growth Modifier: 100%
[02:23:11] [Server thread/INFO]: Wheat Growth Modifier: 100%
[02:23:11] [Server thread/INFO]: NetherWart Growth Modifier: 100%
[02:23:11] [Server thread/INFO]: Vine Growth Modifier: 100%
[02:23:11] [Server thread/INFO]: Cocoa Growth Modifier: 100%
[02:23:11] [Server thread/INFO]: Bamboo Growth Modifier: 100%
[02:23:11] [Server thread/INFO]: SweetBerry Growth Modifier: 100%
[02:23:11] [Server thread/INFO]: Kelp Growth Modifier: 100%
[02:23:11] [Server thread/INFO]: Mob Spawn Range: 6
[02:23:11] [Server thread/INFO]: Entity Activation Range: An 32 / Mo 32 / Ra 48 / Mi 16 / Tiv true
[02:23:11] [Server thread/INFO]: Entity Tracking Range: Pl 48 / An 48 / Mo 48 / Mi 32 / Other 64
[02:23:11] [Server thread/INFO]: Custom Map Seeds:  Village: 10387312 Desert: 14357617 Igloo: 14357618 Jungle: 14357619 Swamp: 14357620 Monument: 10387313 Ocean: 14357621 Shipwreck: 165745295 End City: 10387313 Slime: 987234911 Bastion: 30084232 Fortress: 30084232 Mansion: 10387319 Fossil: 14357921 Portal: 34222645
[02:23:11] [Server thread/INFO]: Hopper Transfer: 8 Hopper Check: 1 Hopper Amount: 1
[02:23:11] [Server thread/INFO]: Tile Max Tick Time: 50ms Entity max Tick Time: 50ms
[02:23:11] [Server thread/INFO]: Max TNT Explosions: 100
[02:23:11] [Server thread/INFO]: Preparing start region for dimension minecraft:overworld
[02:23:12] [Worker-Main-16/INFO]: Preparing spawn area: 0%
[02:23:12] [Worker-Main-14/INFO]: Preparing spawn area: 0%
[02:23:12] [Worker-Main-15/INFO]: Preparing spawn area: 0%
[02:23:13] [Worker-Main-19/INFO]: Preparing spawn area: 0%
[02:23:13] [Worker-Main-17/INFO]: Preparing spawn area: 0%
[02:23:14] [Worker-Main-12/INFO]: Preparing spawn area: 1%
[02:23:14] [Worker-Main-16/INFO]: Preparing spawn area: 2%
[02:23:15] [Worker-Main-13/INFO]: Preparing spawn area: 3%
[02:23:15] [Worker-Main-12/INFO]: Preparing spawn area: 5%
[02:23:16] [Worker-Main-17/INFO]: Preparing spawn area: 6%
[02:23:16] [Worker-Main-13/INFO]: Preparing spawn area: 7%
[02:23:17] [Worker-Main-16/INFO]: Preparing spawn area: 9%
[02:23:17] [Worker-Main-22/INFO]: Preparing spawn area: 10%
[02:23:18] [Worker-Main-20/INFO]: Preparing spawn area: 12%
[02:23:18] [Worker-Main-13/INFO]: Preparing spawn area: 14%
[02:23:19] [Worker-Main-18/INFO]: Preparing spawn area: 16%
[02:23:19] [Worker-Main-14/INFO]: Preparing spawn area: 17%
[02:23:20] [Worker-Main-12/INFO]: Preparing spawn area: 19%
[02:23:20] [Worker-Main-22/INFO]: Preparing spawn area: 20%
[02:23:21] [Worker-Main-22/INFO]: Preparing spawn area: 22%
[02:23:21] [Worker-Main-21/INFO]: Preparing spawn area: 24%
[02:23:22] [Worker-Main-22/INFO]: Preparing spawn area: 26%
[02:23:22] [Worker-Main-12/INFO]: Preparing spawn area: 29%
[02:23:23] [Worker-Main-19/INFO]: Preparing spawn area: 31%
[02:23:23] [Worker-Main-15/INFO]: Preparing spawn area: 33%
[02:23:24] [Worker-Main-20/INFO]: Preparing spawn area: 35%
[02:23:24] [Worker-Main-19/INFO]: Preparing spawn area: 39%
[02:23:25] [Worker-Main-15/INFO]: Preparing spawn area: 42%
[02:23:25] [Worker-Main-19/INFO]: Preparing spawn area: 46%
[02:23:26] [Worker-Main-20/INFO]: Preparing spawn area: 51%
[02:23:26] [Worker-Main-13/INFO]: Preparing spawn area: 55%
[02:23:27] [Worker-Main-12/INFO]: Preparing spawn area: 59%
[02:23:27] [Worker-Main-16/INFO]: Preparing spawn area: 63%
[02:23:28] [Worker-Main-18/INFO]: Preparing spawn area: 68%
[02:23:28] [Worker-Main-13/INFO]: Preparing spawn area: 70%
[02:23:29] [Worker-Main-16/INFO]: Preparing spawn area: 75%
[02:23:29] [Worker-Main-14/INFO]: Preparing spawn area: 78%
[02:23:30] [Worker-Main-18/INFO]: Preparing spawn area: 84%
[02:23:30] [Worker-Main-18/INFO]: Preparing spawn area: 87%
[02:23:31] [Worker-Main-15/INFO]: Preparing spawn area: 92%
[02:23:31] [Worker-Main-18/INFO]: Preparing spawn area: 96%
[02:23:32] [Server thread/INFO]: Time elapsed: 20430 ms
[02:23:32] [Server thread/INFO]: Preparing start region for dimension minecraft:the_nether
[02:23:32] [Worker-Main-20/INFO]: Preparing spawn area: 0%
[02:23:32] [Worker-Main-18/INFO]: Preparing spawn area: 0%
[02:23:33] [Worker-Main-16/INFO]: Preparing spawn area: 2%
[02:23:33] [Worker-Main-12/INFO]: Preparing spawn area: 5%
[02:23:34] [Worker-Main-21/INFO]: Preparing spawn area: 9%
[02:23:34] [Worker-Main-12/INFO]: Preparing spawn area: 12%
[02:23:35] [Worker-Main-16/INFO]: Preparing spawn area: 16%
[02:23:35] [Worker-Main-16/INFO]: Preparing spawn area: 20%
[02:23:36] [Worker-Main-22/INFO]: Preparing spawn area: 24%
[02:23:36] [Worker-Main-22/INFO]: Preparing spawn area: 29%
[02:23:37] [Worker-Main-22/INFO]: Preparing spawn area: 32%
[02:23:37] [Worker-Main-21/INFO]: Preparing spawn area: 37%
[02:23:38] [Worker-Main-18/INFO]: Preparing spawn area: 43%
[02:23:38] [Worker-Main-16/INFO]: Preparing spawn area: 47%
[02:23:39] [Worker-Main-14/INFO]: Preparing spawn area: 53%
[02:23:39] [Worker-Main-20/INFO]: Preparing spawn area: 56%
[02:23:40] [Worker-Main-15/INFO]: Preparing spawn area: 61%
[02:23:40] [Worker-Main-13/INFO]: Preparing spawn area: 66%
[02:23:41] [Worker-Main-20/INFO]: Preparing spawn area: 69%
[02:23:41] [Worker-Main-12/INFO]: Preparing spawn area: 73%
[02:23:42] [Worker-Main-22/INFO]: Preparing spawn area: 78%
[02:23:42] [Worker-Main-12/INFO]: Preparing spawn area: 84%
[02:23:43] [Worker-Main-16/INFO]: Preparing spawn area: 89%
[02:23:43] [Worker-Main-16/INFO]: Preparing spawn area: 93%
[02:23:43] [Server thread/INFO]: Time elapsed: 11942 ms
[02:23:43] [Server thread/INFO]: Preparing start region for dimension minecraft:the_end
[02:23:44] [Worker-Main-18/INFO]: Preparing spawn area: 0%
[02:23:44] [Worker-Main-20/INFO]: Preparing spawn area: 1%
[02:23:44] [Worker-Main-14/INFO]: Preparing spawn area: 22%
[02:23:45] [Worker-Main-20/INFO]: Preparing spawn area: 51%
[02:23:45] [Server thread/INFO]: Time elapsed: 1987 ms
[02:23:45] [Server thread/INFO]: Done (42.522s)! For help, type "help"
[02:25:17] [User Authenticator #1/INFO]: UUID of player kelvinvolcano is c8ade290-3219-4816-8348-9ed9731f5a1b
[02:25:18] [Server thread/INFO]: kelvinvolcano[/127.0.0.1:54350] logged in with entity id 496 at ([world]-3.5, 71.0, 4.5)
[02:25:24] [Server thread/INFO]: kelvinvolcano issued server command: /gamemode
[02:25:28] [Server thread/INFO]: That player does not exist
[02:25:30] [Server thread/INFO]: Made kelvinvolcano a server operator
[02:25:31] [Server thread/INFO]: kelvinvolcano issued server command: /gamemode
[02:25:34] [Server thread/INFO]: kelvinvolcano issued server command: /gamemode creative
[02:25:34] [Server thread/INFO]: [kelvinvolcano: Set own game mode to Creative Mode]
[02:26:24] [Server thread/INFO]: Unknown command. Type "/help" for help.[m
[02:26:25] [Server thread/INFO]: Stopping the server
[02:26:25] [Server thread/INFO]: Stopping server
[02:26:25] [Server thread/INFO]: Saving players
[02:26:25] [Server thread/INFO]: kelvinvolcano lost connection: Server closed
[02:26:25] [Server thread/INFO]: kelvinvolcano left the game
[02:26:25] [Server thread/INFO]: Saving worlds
[02:26:25] [Server thread/INFO]: Saving chunks for level 'ServerLevel[world]'/minecraft:overworld
[02:26:25] [Server thread/INFO]: Saving chunks for level 'ServerLevel[world_nether]'/minecraft:the_nether
[02:26:25] [Server thread/INFO]: Saving chunks for level 'ServerLevel[world_the_end]'/minecraft:the_end
[02:26:25] [Server thread/INFO]: ThreadedAnvilChunkStorage (world): All chunks are saved
[02:26:25] [Server thread/INFO]: ThreadedAnvilChunkStorage (DIM-1): All chunks are saved
[02:26:25] [Server thread/INFO]: ThreadedAnvilChunkStorage (DIM1): All chunks are saved
[02:26:25] [Server thread/INFO]: ThreadedAnvilChunkStorage: All dimensions are saved
